<component name="libraryTable">
  <library name="junit-jupiter-api-5.8.2 (2)">
    <CLASSES>
      <root url="jar://$PROJECT_DIR$/lib/junit_test/junit-jupiter-api-5.8.2.jar!/" />
    </CLASSES>
    <JAVADOC />
    <SOURCES />
  </library>
</component>